ls -lha /etc/localtime 
ln -sf /usr/share/zoneinfo/Asia/Tokyo /etc/localtime 
hwclock --systohc --utc 
vi /etc/locale.gen 
locale-gen 
echo LANG=en_US.UTF-8 > /etc/locale.conf 
cat /etc/locale.conf 
echo kushami-laptop > /etc/hostname 
cat /etc/hostname 
vi /etc/hosts
echo /etc/hostname 
cat /etc/hostname 
wifi-menu 
pacman -S dialog
wifi-menu
mkinitcpio -p linux
passwd
pacman -S vim
bootctl --path=/boot install
cd /boot
ls -lha
vim loader/loader.conf 
vim loader/entries/Arch.conf
ls -lha
cd
pacman -S intel-ucode
ls -lha /boot
ls -lha
ls -lh
ls -lha
exit
